PHP Warning:  Module 'zip' already loaded in Unknown on line 0
user_operation_1
0
user_operation_2
0
user_operation_3
0
user_operation_4
0
user_operation_5
0
user_operation_6
0
user_operation_7
0
user_operation_8
0
user_operation_9
0
user_operation_10
0
user_operation_11
0
user_operation_1
PHP Fatal error:  Uncaught exception 'Predis\Connection\ConnectionException' with message 'Error while reading line from the server. [tcp://127.0.0.1:6379]' in /data/bihicheng/test/daemon/vendor/predis/predis/src/Connection/AbstractConnection.php:168
Stack trace:
#0 /data/bihicheng/test/daemon/vendor/predis/predis/src/Connection/StreamConnection.php(210): Predis\Connection\AbstractConnection->onConnectionError('Error while rea...')
#1 /data/bihicheng/test/daemon/vendor/predis/predis/src/Connection/AbstractConnection.php(133): Predis\Connection\StreamConnection->read()
#2 /data/bihicheng/test/daemon/vendor/predis/predis/src/Connection/AbstractConnection.php(125): Predis\Connection\AbstractConnection->readResponse(Object(Predis\Command\ListLength))
#3 /data/bihicheng/test/daemon/vendor/predis/predis/src/Client.php(326): Predis\Connection\AbstractConnection->executeCommand(Object(Predis\Command\ListLength))
#4 /data/bihicheng/test/daemon/vendor/predis/predis/src/Client.php(310): Predis\Client->executeCommand(Object(Predis\Command in /data/bihicheng/test/daemon/vendor/predis/predis/src/Connection/AbstractConnection.php on line 168
PHP Warning:  Module 'zip' already loaded in Unknown on line 0
int(5)
user_operation_1
0
user_operation_2
0
user_operation_3
0
user_operation_4
0
user_operation_5
0
user_operation_6
0
user_operation_7
0
user_operation_8
0
user_operation_9
0
user_operation_10
0
user_operation_11
0
user_operation_1
0
user_operation_2
0
user_operation_3
0
user_operation_4
0
user_operation_5
0
user_operation_6
0
user_operation_7
0
user_operation_8
0
user_operation_9
0
user_operation_10
0
user_operation_11
0
user_operation_1
0
user_operation_2
0
user_operation_3
0
user_operation_4
0
user_operation_5
0
user_operation_6
0
user_operation_7
0
user_operation_8
0
user_operation_9
0
user_operation_10
0
user_operation_11
0
user_operation_1
0
user_operation_2
0
user_operation_3
0
user_operation_4
0
user_operation_5
0
user_operation_6
0
user_operation_7
0
user_operation_8
0
user_operation_9
0
user_operation_10
0
user_operation_11
0
user_operation_1
0
user_operation_2
0
user_operation_3
0
user_operation_4
0
user_operation_5
0
user_operation_6
0
user_operation_7
0
user_operation_8
0
user_operation_9
0
user_operation_10
0
user_operation_11
0
user_operation_1
0
user_operation_2
0
user_operation_3
0
user_operation_4
0
user_operation_5
0
user_operation_6
0
user_operation_7
0
user_operation_8
0
user_operation_9
0
user_operation_10
0
user_operation_11
0
user_operation_1
0
user_operation_2
1
user_operation_3
0
user_operation_4
0
user_operation_5
0
user_operation_6
0
user_operation_7
0
user_operation_8
0
user_operation_9
0
user_operation_10
0
user_operation_11
0
user_operation_1
1
user_operation_2
0
user_operation_3
0
user_operation_4
0
user_operation_5
0
user_operation_6
0
user_operation_7
0
user_operation_8
0
user_operation_9
0
user_operation_10
0
user_operation_11
0
user_operation_1
0
user_operation_2
0
user_operation_3
0
user_operation_4
0
user_operation_5
0
user_operation_6
0
user_operation_7
0
user_operation_8
0
user_operation_9
0
user_operation_10
0
user_operation_11
0
user_operation_1
0
user_operation_2
0
user_operation_3
0
user_operation_4
0
user_operation_5
0
user_operation_6
0
user_operation_7
0
user_operation_8
0
user_operation_9
0
user_operation_10
0
user_operation_11
0
user_operation_1
0
user_operation_2
0
user_operation_3
0
user_operation_4
0
user_operation_5
0
user_operation_6
0
user_operation_7
0
user_operation_8
0
user_operation_9
0
user_operation_10
0
user_operation_11
0
user_operation_1
0
user_operation_2
0
user_operation_3
0
user_operation_4
0
user_operation_5
0
user_operation_6
0
user_operation_7
0
user_operation_8
0
user_operation_9
0
user_operation_10
0
user_operation_11
0
user_operation_1
0
user_operation_2
1
user_operation_3
0
user_operation_4
0
user_operation_5
0
user_operation_6
0
user_operation_7
0
user_operation_8
0
user_operation_9
0
user_operation_10
0
user_operation_11
0
user_operation_1
0
user_operation_2
0
user_operation_3
0
user_operation_4
0
user_operation_5
0
user_operation_6
0
user_operation_7
0
user_operation_8
0
user_operation_9
0
user_operation_10
0
user_operation_11
0
user_operation_1
1
user_operation_2
0
user_operation_3
0
user_operation_4
0
user_operation_5
0
user_operation_6
0
user_operation_7
0
user_operation_8
0
user_operation_9
0
user_operation_10
0
user_operation_11
0
user_operation_1
0
user_operation_2
0
user_operation_3
0
user_operation_4
0
user_operation_5
0
user_operation_6
0
user_operation_7
0
user_operation_8
0
user_operation_9
0
user_operation_10
0
user_operation_11
0
user_operation_1
0
user_operation_2
0
user_operation_3
0
user_operation_4
0
user_operation_5
0
user_operation_6
0
user_operation_7
0
user_operation_8
0
user_operation_9
0
user_operation_10
0
user_operation_11
0
user_operation_1
0
user_operation_2
0
user_operation_3
0
user_operation_4
0
user_operation_5
0
user_operation_6
0
user_operation_7
0
user_operation_8
0
user_operation_9
0
user_operation_10
0
user_operation_11
0
user_operation_1
0
user_operation_2
0
user_operation_3
0
user_operation_4
0
user_operation_5
0
user_operation_6
0
user_operation_7
0
user_operation_8
0
user_operation_9
0
user_operation_10
0
user_operation_11
0
user_operation_1
0
user_operation_2
0
user_operation_3
0
user_operation_4
0
user_operation_5
0
user_operation_6
0
user_operation_7
0
user_operation_8
0
user_operation_9
0
user_operation_10
0
user_operation_11
0
